Using pre-set license

 COMMAND LINE ARGUMENTS:
/Applications/Unity/Hub/Editor/2020.3.2f1/Unity.app/Contents/MacOS/Unity
-adb2
-batchMode
-noUpm
-name
AssetImportWorker0
-projectPath
/Users/dant/Development/Unity/Terrain
-logFile
Logs/AssetImportWorker0.log
-srvPort
57863
Successfully changed project path to: /Users/dant/Development/Unity/Terrain
/Users/dant/Development/Unity/Terrain
Using Asset Import Pipeline V2.
Refreshing native plugins compatible for Editor in 19.58 ms, found 1 plugins.
Preloading 0 native plugins for Editor in 0.00 ms.
Initialize engine version: 2020.3.2f1 (8fd9074bf66c)
[Subsystems] Discovering subsystems at path /Applications/Unity/Hub/Editor/2020.3.2f1/Unity.app/Contents/Resources/UnitySubsystems
[Subsystems] Discovering subsystems at path /Users/dant/Development/Unity/Terrain/Assets
GfxDevice: creating device client; threaded=0
2021-04-13 09:47:33.864 Unity[74167:1660530] Color LCD preferred device: AMD Radeon Pro 5300M (high power)
2021-04-13 09:47:33.864 Unity[74167:1660530] Metal devices available: 2
2021-04-13 09:47:33.864 Unity[74167:1660530] 0: AMD Radeon Pro 5300M (high power)
2021-04-13 09:47:33.864 Unity[74167:1660530] 1: Intel(R) UHD Graphics 630 (low power)
2021-04-13 09:47:33.865 Unity[74167:1660530] Using device AMD Radeon Pro 5300M (high power)
Initializing Metal device caps: AMD Radeon Pro 5300M
Initialize mono
Mono path[0] = '/Applications/Unity/Hub/Editor/2020.3.2f1/Unity.app/Contents/Managed'
Mono path[1] = '/Applications/Unity/Hub/Editor/2020.3.2f1/Unity.app/Contents/MonoBleedingEdge/lib/mono/unityjit'
Mono config path = '/Applications/Unity/Hub/Editor/2020.3.2f1/Unity.app/Contents/MonoBleedingEdge/etc'
Using monoOptions --debugger-agent=transport=dt_socket,embedding=1,server=y,suspend=n,address=127.0.0.1:56167
Begin MonoManager ReloadAssembly
Registering precompiled unity dll's ...
Register platform support module: /Applications/Unity/Hub/Editor/2020.3.2f1/Unity.app/Contents/PlaybackEngines/MacStandaloneSupport/UnityEditor.OSXStandalone.Extensions.dll
Registered in 0.000448 seconds.
Native extension for OSXStandalone target not found
Refreshing native plugins compatible for Editor in 19.35 ms, found 1 plugins.
Preloading 0 native plugins for Editor in 0.00 ms.
Invoked RoslynAnalysisRunner static constructor.
RoslynAnalysisRunner will not be running.
RoslynAnalysisRunner has terminated.
Mono: successfully reloaded assembly
- Completed reload, in  1.737 seconds
Platform modules already initialized, skipping
Registering precompiled user dll's ...
Registered in 0.000292 seconds.
Begin MonoManager ReloadAssembly
Native extension for OSXStandalone target not found
Refreshing native plugins compatible for Editor in 0.17 ms, found 1 plugins.
Preloading 0 native plugins for Editor in 0.00 ms.
Invoked RoslynAnalysisRunner static constructor.
RoslynAnalysisRunner will not be running.
RoslynAnalysisRunner has terminated.
Mono: successfully reloaded assembly
- Completed reload, in  0.795 seconds
Platform modules already initialized, skipping
========================================================================
Worker process is ready to serve import requests
Launching external process: /Applications/Unity/Hub/Editor/2020.3.2f1/Unity.app/Contents/Tools/UnityShaderCompiler
Launched and connected shader compiler UnityShaderCompiler after 0.01 seconds
Refreshing native plugins compatible for Editor in 0.19 ms, found 1 plugins.
Preloading 0 native plugins for Editor in 0.00 ms.
Unloading 1116 Unused Serialized files (Serialized files now loaded: 0)
System memory in use before: 109.5 MB.
System memory in use after: 109.5 MB.

Unloading 10 unused Assets to reduce memory usage. Loaded Objects now: 1558.
Total: 2.344820 ms (FindLiveObjects: 0.217831 ms CreateObjectMapping: 0.059474 ms MarkObjects: 1.954193 ms  DeleteObjects: 0.111623 ms)

========================================================================
Received Import Request.
  path: Assets/Noise.cs
  artifactKey: Guid(b7d34eba168c94245b2afc7b2ebe84e1) Importer(815301076,1909f56bfc062723c751e8b465ee728b)
Start importing Assets/Noise.cs using Guid(b7d34eba168c94245b2afc7b2ebe84e1) Importer(815301076,1909f56bfc062723c751e8b465ee728b)  -> (artifact id: '5fcca0d9578d6dd0a91eb41c72429c09') in 0.370542 seconds
  Import took 0.373266 seconds .

========================================================================
Received Import Request.
  Time since last request: 26.391455 seconds.
  path: Packages/com.unity.ide.rider
  artifactKey: Guid(ea5aa18a49e4f29d74984ea0ea11a238) Importer(815301076,1909f56bfc062723c751e8b465ee728b)
Start importing Packages/com.unity.ide.rider using Guid(ea5aa18a49e4f29d74984ea0ea11a238) Importer(815301076,1909f56bfc062723c751e8b465ee728b)  -> (artifact id: 'a042f8a7c2f9cb60833d0c433f2d6409') in 0.002632 seconds
  Import took 0.004575 seconds .

========================================================================
Received Import Request.
  Time since last request: 0.000590 seconds.
  path: Packages/com.unity.ide.rider
  artifactKey: Guid(ea5aa18a49e4f29d74984ea0ea11a238) Importer(815301076,1909f56bfc062723c751e8b465ee728b)
Start importing Packages/com.unity.ide.rider using Guid(ea5aa18a49e4f29d74984ea0ea11a238) Importer(815301076,1909f56bfc062723c751e8b465ee728b)  -> (artifact id: 'a042f8a7c2f9cb60833d0c433f2d6409') in 0.002211 seconds
  Import took 0.003793 seconds .

========================================================================
Received Import Request.
  Time since last request: 13.502238 seconds.
  path: Assets
  artifactKey: Guid(00000000000000001000000000000000) Importer(815301076,1909f56bfc062723c751e8b465ee728b)
Start importing Assets using Guid(00000000000000001000000000000000) Importer(815301076,1909f56bfc062723c751e8b465ee728b)  -> (artifact id: '819a33a9bd799f71faca6db75e8a216c') in 0.002254 seconds
  Import took 0.003981 seconds .

========================================================================
Received Import Request.
  Time since last request: 10.340117 seconds.
  path: Assets/Scripts
  artifactKey: Guid(6222d2c8b345c47438704abfb331eeb8) Importer(815301076,1909f56bfc062723c751e8b465ee728b)
Start importing Assets/Scripts using Guid(6222d2c8b345c47438704abfb331eeb8) Importer(815301076,1909f56bfc062723c751e8b465ee728b)  -> (artifact id: 'f6c2b885422c44eb2ebede7d16e1d238') in 0.003246 seconds
  Import took 0.004913 seconds .

========================================================================
Received Prepare
Registering precompiled user dll's ...
Registered in 0.000271 seconds.
Begin MonoManager ReloadAssembly
Native extension for OSXStandalone target not found
Refreshing native plugins compatible for Editor in 0.18 ms, found 1 plugins.
Preloading 0 native plugins for Editor in 0.00 ms.
Invoked RoslynAnalysisRunner static constructor.
RoslynAnalysisRunner will not be running.
RoslynAnalysisRunner has terminated.
Mono: successfully reloaded assembly
- Completed reload, in  0.779 seconds
Platform modules already initialized, skipping
Refreshing native plugins compatible for Editor in 0.16 ms, found 1 plugins.
Preloading 0 native plugins for Editor in 0.00 ms.
Unloading 1111 Unused Serialized files (Serialized files now loaded: 0)
System memory in use before: 113.8 MB.
System memory in use after: 113.9 MB.

Unloading 5 unused Assets to reduce memory usage. Loaded Objects now: 1561.
Total: 1.429541 ms (FindLiveObjects: 0.161425 ms CreateObjectMapping: 0.082912 ms MarkObjects: 1.143679 ms  DeleteObjects: 0.040969 ms)

========================================================================
Received Prepare
Registering precompiled user dll's ...
Registered in 0.000242 seconds.
Begin MonoManager ReloadAssembly
Native extension for OSXStandalone target not found
Refreshing native plugins compatible for Editor in 0.17 ms, found 1 plugins.
Preloading 0 native plugins for Editor in 0.00 ms.
Invoked RoslynAnalysisRunner static constructor.
RoslynAnalysisRunner will not be running.
RoslynAnalysisRunner has terminated.
Mono: successfully reloaded assembly
- Completed reload, in  0.735 seconds
Platform modules already initialized, skipping
Refreshing native plugins compatible for Editor in 0.15 ms, found 1 plugins.
Preloading 0 native plugins for Editor in 0.00 ms.
Unloading 1111 Unused Serialized files (Serialized files now loaded: 0)
System memory in use before: 114.0 MB.
System memory in use after: 114.1 MB.

Unloading 5 unused Assets to reduce memory usage. Loaded Objects now: 1564.
Total: 1.616005 ms (FindLiveObjects: 0.158069 ms CreateObjectMapping: 0.036174 ms MarkObjects: 1.367203 ms  DeleteObjects: 0.053463 ms)

========================================================================
Received Import Request.
  Time since last request: 306.196161 seconds.
  path: Assets/Scripts/Noise.cs
  artifactKey: Guid(b7d34eba168c94245b2afc7b2ebe84e1) Importer(815301076,1909f56bfc062723c751e8b465ee728b)
Start importing Assets/Scripts/Noise.cs using Guid(b7d34eba168c94245b2afc7b2ebe84e1) Importer(815301076,1909f56bfc062723c751e8b465ee728b)  -> (artifact id: 'bec30f0b136897454d7936f1a166b05d') in 0.008247 seconds
  Import took 0.010453 seconds .

========================================================================
Received Import Request.
  Time since last request: 13.076662 seconds.
  path: Assets/Scripts/MapGenerator.cs
  artifactKey: Guid(346b33016ad5142cbb68ce679f23c2c5) Importer(815301076,1909f56bfc062723c751e8b465ee728b)
Start importing Assets/Scripts/MapGenerator.cs using Guid(346b33016ad5142cbb68ce679f23c2c5) Importer(815301076,1909f56bfc062723c751e8b465ee728b)  -> (artifact id: 'e59c6b40cdcdcd297d2032459a0992d3') in 0.011651 seconds
  Import took 0.013323 seconds .

========================================================================
Received Prepare
Registering precompiled user dll's ...
Registered in 0.000243 seconds.
Begin MonoManager ReloadAssembly
Native extension for OSXStandalone target not found
Refreshing native plugins compatible for Editor in 0.18 ms, found 1 plugins.
Preloading 0 native plugins for Editor in 0.00 ms.
Invoked RoslynAnalysisRunner static constructor.
RoslynAnalysisRunner will not be running.
RoslynAnalysisRunner has terminated.
Mono: successfully reloaded assembly
- Completed reload, in  0.737 seconds
Platform modules already initialized, skipping
Refreshing native plugins compatible for Editor in 0.12 ms, found 1 plugins.
Preloading 0 native plugins for Editor in 0.00 ms.
Unloading 1112 Unused Serialized files (Serialized files now loaded: 0)
System memory in use before: 114.2 MB.
System memory in use after: 114.2 MB.

Unloading 5 unused Assets to reduce memory usage. Loaded Objects now: 1568.
Total: 2.167735 ms (FindLiveObjects: 0.170293 ms CreateObjectMapping: 0.043990 ms MarkObjects: 1.879859 ms  DeleteObjects: 0.072000 ms)

========================================================================
Received Prepare
Registering precompiled user dll's ...
Registered in 0.000237 seconds.
Begin MonoManager ReloadAssembly
Native extension for OSXStandalone target not found
Refreshing native plugins compatible for Editor in 0.17 ms, found 1 plugins.
Preloading 0 native plugins for Editor in 0.00 ms.
Invoked RoslynAnalysisRunner static constructor.
RoslynAnalysisRunner will not be running.
RoslynAnalysisRunner has terminated.
Mono: successfully reloaded assembly
- Completed reload, in  0.733 seconds
Platform modules already initialized, skipping
Refreshing native plugins compatible for Editor in 0.12 ms, found 1 plugins.
Preloading 0 native plugins for Editor in 0.00 ms.
Unloading 1112 Unused Serialized files (Serialized files now loaded: 0)
System memory in use before: 114.3 MB.
System memory in use after: 114.4 MB.

Unloading 5 unused Assets to reduce memory usage. Loaded Objects now: 1571.
Total: 1.761787 ms (FindLiveObjects: 0.161472 ms CreateObjectMapping: 0.043813 ms MarkObjects: 1.503221 ms  DeleteObjects: 0.051617 ms)

========================================================================
Received Import Request.
  Time since last request: 112.473700 seconds.
  path: Assets/Scripts/MapGenerator.cs
  artifactKey: Guid(346b33016ad5142cbb68ce679f23c2c5) Importer(815301076,1909f56bfc062723c751e8b465ee728b)
Start importing Assets/Scripts/MapGenerator.cs using Guid(346b33016ad5142cbb68ce679f23c2c5) Importer(815301076,1909f56bfc062723c751e8b465ee728b)  -> (artifact id: '998c696a39f854c100749be89421379c') in 0.006337 seconds
  Import took 0.007994 seconds .

========================================================================
Received Import Request.
  Time since last request: 6.209813 seconds.
  path: Assets/Scripts/MapDisplay.cs
  artifactKey: Guid(287f2a05501714915aa40e923b8d577c) Importer(815301076,1909f56bfc062723c751e8b465ee728b)
Start importing Assets/Scripts/MapDisplay.cs using Guid(287f2a05501714915aa40e923b8d577c) Importer(815301076,1909f56bfc062723c751e8b465ee728b)  -> (artifact id: 'ccfcce74008dbd2e12693ea9c51ae134') in 0.007076 seconds
  Import took 0.008762 seconds .

========================================================================
Received Prepare
Registering precompiled user dll's ...
Registered in 0.000290 seconds.
Begin MonoManager ReloadAssembly
Native extension for OSXStandalone target not found
Refreshing native plugins compatible for Editor in 0.22 ms, found 1 plugins.
Preloading 0 native plugins for Editor in 0.00 ms.
Invoked RoslynAnalysisRunner static constructor.
RoslynAnalysisRunner will not be running.
RoslynAnalysisRunner has terminated.
Mono: successfully reloaded assembly
- Completed reload, in  0.767 seconds
Platform modules already initialized, skipping
Refreshing native plugins compatible for Editor in 0.13 ms, found 1 plugins.
Preloading 0 native plugins for Editor in 0.00 ms.
Unloading 1113 Unused Serialized files (Serialized files now loaded: 0)
System memory in use before: 114.5 MB.
System memory in use after: 114.6 MB.

Unloading 5 unused Assets to reduce memory usage. Loaded Objects now: 1575.
Total: 1.485114 ms (FindLiveObjects: 0.184390 ms CreateObjectMapping: 0.068498 ms MarkObjects: 1.196602 ms  DeleteObjects: 0.034734 ms)

========================================================================
Received Prepare
Registering precompiled user dll's ...
Registered in 0.000255 seconds.
Begin MonoManager ReloadAssembly
Native extension for OSXStandalone target not found
Refreshing native plugins compatible for Editor in 0.17 ms, found 1 plugins.
Preloading 0 native plugins for Editor in 0.00 ms.
Invoked RoslynAnalysisRunner static constructor.
RoslynAnalysisRunner will not be running.
RoslynAnalysisRunner has terminated.
Mono: successfully reloaded assembly
- Completed reload, in  0.744 seconds
Platform modules already initialized, skipping
Refreshing native plugins compatible for Editor in 0.12 ms, found 1 plugins.
Preloading 0 native plugins for Editor in 0.00 ms.
Unloading 1113 Unused Serialized files (Serialized files now loaded: 0)
System memory in use before: 114.7 MB.
System memory in use after: 114.8 MB.

Unloading 5 unused Assets to reduce memory usage. Loaded Objects now: 1578.
Total: 2.373503 ms (FindLiveObjects: 0.267895 ms CreateObjectMapping: 0.064562 ms MarkObjects: 1.966884 ms  DeleteObjects: 0.072295 ms)

========================================================================
Received Import Request.
  Time since last request: 81.031482 seconds.
  path: Assets/Scripts/MapDisplay.cs
  artifactKey: Guid(287f2a05501714915aa40e923b8d577c) Importer(815301076,1909f56bfc062723c751e8b465ee728b)
Start importing Assets/Scripts/MapDisplay.cs using Guid(287f2a05501714915aa40e923b8d577c) Importer(815301076,1909f56bfc062723c751e8b465ee728b)  -> (artifact id: '415ff873ced03b93c3599636c8eb25d2') in 0.023234 seconds
  Import took 0.025268 seconds .

========================================================================
Received Import Request.
  Time since last request: 395.101650 seconds.
  path: Assets/Scripts/MapDisplay.cs
  artifactKey: Guid(287f2a05501714915aa40e923b8d577c) Importer(815301076,1909f56bfc062723c751e8b465ee728b)
Start importing Assets/Scripts/MapDisplay.cs using Guid(287f2a05501714915aa40e923b8d577c) Importer(815301076,1909f56bfc062723c751e8b465ee728b)  -> (artifact id: 'dc87e1bfbb71211c01d7ef402da98249') in 0.004396 seconds
  Import took 0.006073 seconds .

========================================================================
Received Prepare
Registering precompiled user dll's ...
Registered in 0.000277 seconds.
Begin MonoManager ReloadAssembly
Native extension for OSXStandalone target not found
Refreshing native plugins compatible for Editor in 0.29 ms, found 1 plugins.
Preloading 0 native plugins for Editor in 0.00 ms.
Invoked RoslynAnalysisRunner static constructor.
RoslynAnalysisRunner will not be running.
RoslynAnalysisRunner has terminated.
Mono: successfully reloaded assembly
- Completed reload, in  0.734 seconds
Platform modules already initialized, skipping
Refreshing native plugins compatible for Editor in 0.11 ms, found 1 plugins.
Preloading 0 native plugins for Editor in 0.00 ms.
Unloading 1113 Unused Serialized files (Serialized files now loaded: 0)
System memory in use before: 114.8 MB.
System memory in use after: 114.9 MB.

Unloading 5 unused Assets to reduce memory usage. Loaded Objects now: 1581.
Total: 2.290510 ms (FindLiveObjects: 0.194672 ms CreateObjectMapping: 0.056523 ms MarkObjects: 1.962947 ms  DeleteObjects: 0.074650 ms)

========================================================================
Received Import Request.
  Time since last request: 82.421195 seconds.
  path: Assets/Materials
  artifactKey: Guid(042d10636328d4f8d84c059dfa9e1b52) Importer(815301076,1909f56bfc062723c751e8b465ee728b)
Start importing Assets/Materials using Guid(042d10636328d4f8d84c059dfa9e1b52) Importer(815301076,1909f56bfc062723c751e8b465ee728b)  -> (artifact id: 'f0314daab20970ace1eaa68b0d9e56ee') in 0.008762 seconds
  Import took 0.010482 seconds .

========================================================================
Received Import Request.
  Time since last request: 13.274937 seconds.
  path: Assets/Materials/New Material.mat
  artifactKey: Guid(1c622ff1437d14bd1b91160baac19db7) Importer(815301076,1909f56bfc062723c751e8b465ee728b)
Start importing Assets/Materials/New Material.mat using Guid(1c622ff1437d14bd1b91160baac19db7) Importer(815301076,1909f56bfc062723c751e8b465ee728b)  -> (artifact id: 'ee2badd38212ab5000e8b9ad53bf8f48') in 0.411619 seconds
  Import took 0.413470 seconds .

========================================================================
Received Import Request.
  Time since last request: 100.885797 seconds.
  path: Assets/Materials/MapMaterial.mat
  artifactKey: Guid(1c622ff1437d14bd1b91160baac19db7) Importer(815301076,1909f56bfc062723c751e8b465ee728b)
Start importing Assets/Materials/MapMaterial.mat using Guid(1c622ff1437d14bd1b91160baac19db7) Importer(815301076,1909f56bfc062723c751e8b465ee728b)  -> (artifact id: '14f0a5e9b32a2645110ca3bc0591b429') in 0.064324 seconds
  Import took 0.066139 seconds .

========================================================================
Received Import Request.
  Time since last request: 47.035085 seconds.
  path: Assets/Editor
  artifactKey: Guid(2b8b16ced9ecd443d98ffb35f617a339) Importer(815301076,1909f56bfc062723c751e8b465ee728b)
Start importing Assets/Editor using Guid(2b8b16ced9ecd443d98ffb35f617a339) Importer(815301076,1909f56bfc062723c751e8b465ee728b)  -> (artifact id: '66ee10f35cc3e12a2e808e234bcd0ec3') in 0.002580 seconds
  Import took 0.004367 seconds .

========================================================================
Received Import Request.
  Time since last request: 11.437513 seconds.
  path: Assets/Editor/MapGeneratorEditor.cs
  artifactKey: Guid(5951a1aa58ee44303a2f47cbb064dcf2) Importer(815301076,1909f56bfc062723c751e8b465ee728b)
Start importing Assets/Editor/MapGeneratorEditor.cs using Guid(5951a1aa58ee44303a2f47cbb064dcf2) Importer(815301076,1909f56bfc062723c751e8b465ee728b)  -> (artifact id: '5408ef7de02fd33bef629b574ea893c7') in 0.003301 seconds
  Import took 0.004989 seconds .

========================================================================
Received Prepare
Registering precompiled user dll's ...
Registered in 0.000303 seconds.
Begin MonoManager ReloadAssembly
Native extension for OSXStandalone target not found
Refreshing native plugins compatible for Editor in 0.19 ms, found 1 plugins.
Preloading 0 native plugins for Editor in 0.00 ms.
Invoked RoslynAnalysisRunner static constructor.
RoslynAnalysisRunner will not be running.
RoslynAnalysisRunner has terminated.
Mono: successfully reloaded assembly
- Completed reload, in  0.775 seconds
Platform modules already initialized, skipping
Refreshing native plugins compatible for Editor in 0.19 ms, found 1 plugins.
Preloading 0 native plugins for Editor in 0.00 ms.
Unloading 1114 Unused Serialized files (Serialized files now loaded: 0)
System memory in use before: 123.2 MB.
System memory in use after: 123.2 MB.

Unloading 5 unused Assets to reduce memory usage. Loaded Objects now: 1626.
Total: 1.407871 ms (FindLiveObjects: 0.130201 ms CreateObjectMapping: 0.029799 ms MarkObjects: 1.199419 ms  DeleteObjects: 0.047328 ms)

========================================================================
Received Prepare
Registering precompiled user dll's ...
Registered in 0.000372 seconds.
Begin MonoManager ReloadAssembly
Native extension for OSXStandalone target not found
Refreshing native plugins compatible for Editor in 0.18 ms, found 1 plugins.
Preloading 0 native plugins for Editor in 0.00 ms.
Invoked RoslynAnalysisRunner static constructor.
RoslynAnalysisRunner will not be running.
RoslynAnalysisRunner has terminated.
Mono: successfully reloaded assembly
- Completed reload, in  0.745 seconds
Platform modules already initialized, skipping
Refreshing native plugins compatible for Editor in 0.12 ms, found 1 plugins.
Preloading 0 native plugins for Editor in 0.00 ms.
Unloading 1114 Unused Serialized files (Serialized files now loaded: 0)
System memory in use before: 123.3 MB.
System memory in use after: 123.4 MB.

Unloading 5 unused Assets to reduce memory usage. Loaded Objects now: 1629.
Total: 1.627497 ms (FindLiveObjects: 0.163206 ms CreateObjectMapping: 0.037367 ms MarkObjects: 1.371905 ms  DeleteObjects: 0.052700 ms)

========================================================================
Received Import Request.
  Time since last request: 105.279816 seconds.
  path: Assets/Editor/MapGeneratorEditor.cs
  artifactKey: Guid(5951a1aa58ee44303a2f47cbb064dcf2) Importer(815301076,1909f56bfc062723c751e8b465ee728b)
Start importing Assets/Editor/MapGeneratorEditor.cs using Guid(5951a1aa58ee44303a2f47cbb064dcf2) Importer(815301076,1909f56bfc062723c751e8b465ee728b)  -> (artifact id: '6d40bdb11b577306b591680d43f20e02') in 0.006476 seconds
  Import took 0.009016 seconds .

========================================================================
Received Prepare
Registering precompiled user dll's ...
Registered in 0.000262 seconds.
Begin MonoManager ReloadAssembly
Native extension for OSXStandalone target not found
Refreshing native plugins compatible for Editor in 0.19 ms, found 1 plugins.
Preloading 0 native plugins for Editor in 0.00 ms.
Invoked RoslynAnalysisRunner static constructor.
RoslynAnalysisRunner will not be running.
RoslynAnalysisRunner has terminated.
Mono: successfully reloaded assembly
- Completed reload, in  0.746 seconds
Platform modules already initialized, skipping
Refreshing native plugins compatible for Editor in 0.16 ms, found 1 plugins.
Preloading 0 native plugins for Editor in 0.00 ms.
Unloading 1114 Unused Serialized files (Serialized files now loaded: 0)
System memory in use before: 123.5 MB.
System memory in use after: 123.5 MB.

Unloading 5 unused Assets to reduce memory usage. Loaded Objects now: 1632.
Total: 1.694364 ms (FindLiveObjects: 0.164570 ms CreateObjectMapping: 0.039934 ms MarkObjects: 1.435913 ms  DeleteObjects: 0.052701 ms)

========================================================================
Received Prepare
Registering precompiled user dll's ...
Registered in 0.000272 seconds.
Begin MonoManager ReloadAssembly
Native extension for OSXStandalone target not found
Refreshing native plugins compatible for Editor in 0.18 ms, found 1 plugins.
Preloading 0 native plugins for Editor in 0.00 ms.
Invoked RoslynAnalysisRunner static constructor.
RoslynAnalysisRunner will not be running.
RoslynAnalysisRunner has terminated.
Mono: successfully reloaded assembly
- Completed reload, in  0.724 seconds
Platform modules already initialized, skipping
Refreshing native plugins compatible for Editor in 0.17 ms, found 1 plugins.
Preloading 0 native plugins for Editor in 0.00 ms.
Unloading 1114 Unused Serialized files (Serialized files now loaded: 0)
System memory in use before: 123.6 MB.
System memory in use after: 123.7 MB.

Unloading 5 unused Assets to reduce memory usage. Loaded Objects now: 1635.
Total: 1.976544 ms (FindLiveObjects: 0.220130 ms CreateObjectMapping: 0.045618 ms MarkObjects: 1.640823 ms  DeleteObjects: 0.068342 ms)

